<?xml version="1.0" encoding="UTF-8"?>
<!-- Generated by org.testng.reporters.JUnitReportReporter -->
<testsuite skipped="0" hostname="DESKTOP-M5E1HQ0" name="com.crm.qa.testcases.HomePageTest" tests="4" failures="0" timestamp="2021-02-02T15:46:57 IST" time="88.357" errors="0">
  <testcase name="homepageTitleTest" time="19.437" classname="com.crm.qa.testcases.HomePageTest"/>
  <system-out/>
  <testcase name="loggedinUserTest" time="20.421" classname="com.crm.qa.testcases.HomePageTest"/>
  <system-out/>
  <testcase name="contactClickTest" time="26.496" classname="com.crm.qa.testcases.HomePageTest"/>
  <system-out/>
  <testcase name="dealsClickTest" time="22.003" classname="com.crm.qa.testcases.HomePageTest"/>
  <system-out/>
</testsuite> <!-- com.crm.qa.testcases.HomePageTest -->
